TN:
SF:/Users/wpannell/git/bluemix-garage-developer-bootcamp/spec.bundle.js
FNF:0
FNH:0
DA:4,1
DA:5,1
LF:2
LH:2
BRF:0
BRH:0
end_of_record
TN:
SF:/Users/wpannell/git/bluemix-garage-developer-bootcamp/web/01-fetch-location-with-callback/fetch-location.spec.js
FN:,(anonymous_0)
FN:,(anonymous_1)
FNF:2
FNH:2
FNDA:1,(anonymous_0)
FNDA:1,(anonymous_1)
DA:1,1
DA:2,1
DA:3,1
LF:3
LH:3
BRF:0
BRH:0
end_of_record
TN:
SF:/Users/wpannell/git/bluemix-garage-developer-bootcamp/web/kata-03-martin-fowler-movie-refactoring/martin-fowler-movie-refactoring.spec.js
FN:,(anonymous_0)
FN:,(anonymous_1)
FN:,(anonymous_2)
FNF:3
FNH:3
FNDA:1,(anonymous_0)
FNDA:1,(anonymous_1)
FNDA:1,(anonymous_2)
DA:6,1
DA:7,1
DA:8,1
DA:9,1
DA:25,1
DA:26,1
DA:28,1
DA:29,1
DA:30,1
DA:32,1
DA:33,1
DA:34,1
DA:36,1
DA:37,1
DA:38,1
DA:41,1
DA:42,1
DA:55,1
DA:56,1
DA:57,1
DA:59,1
DA:60,1
DA:61,1
DA:63,1
DA:64,1
DA:65,1
DA:67,1
LF:27
LH:27
BRF:0
BRH:0
end_of_record
TN:
SF:/Users/wpannell/git/bluemix-garage-developer-bootcamp/web/kata-03-martin-fowler-movie-refactoring/makeCustomerFrom.js
FN:,(anonymous_0)
FNF:1
FNH:1
FNDA:1,(anonymous_0)
DA:3,1
DA:4,1
DA:6,1
DA:7,0
DA:8,9
DA:11,1
DA:12,1
DA:13,1
DA:15,1
DA:16,9
DA:17,9
DA:20,9
DA:23,3
DA:24,3
DA:25,1
DA:27,3
DA:31,3
DA:32,3
DA:36,3
DA:37,3
DA:38,0
DA:41,3
DA:47,9
DA:50,9
DA:51,2
DA:54,9
DA:56,9
DA:60,1
DA:61,1
DA:64,1
LF:30
LH:28
BRDA:,0,0,3
BRDA:,0,1,3
BRDA:,0,2,3
BRDA:,0,3,0
BRDA:,1,0,1
BRDA:,1,1,2
BRDA:,2,0,0
BRDA:,2,1,3
BRDA:,3,0,2
BRDA:,3,1,7
BRDA:,4,0,9
BRDA:,4,1,3
BRF:12
BRH:10
end_of_record
TN:
SF:/Users/wpannell/git/bluemix-garage-developer-bootcamp/web/kata-03-martin-fowler-movie-refactoring/movie-codes.js
FNF:0
FNH:0
DA:1,1
DA:2,1
DA:3,1
LF:3
LH:3
BRF:0
BRH:0
end_of_record
TN:
SF:/Users/wpannell/git/bluemix-garage-developer-bootcamp/web/kata-03-martin-fowler-movie-refactoring/makeMovieFrom.js
FN:,(anonymous_0)
FNF:1
FNH:1
FNDA:9,(anonymous_0)
DA:1,1
DA:2,9
DA:4,9
DA:5,9
DA:6,18
DA:7,0
LF:6
LH:5
BRF:0
BRH:0
end_of_record
TN:
SF:/Users/wpannell/git/bluemix-garage-developer-bootcamp/web/kata-03-martin-fowler-movie-refactoring/makeRentalFrom.js
FN:,(anonymous_0)
FNF:1
FNH:1
FNDA:9,(anonymous_0)
DA:1,1
DA:3,9
DA:4,27
DA:5,13
LF:4
LH:4
BRF:0
BRH:0
end_of_record
