TN:
SF:/Users/wpannell/git/bluemix-garage-developer-bootcamp/server/00-canary/canary.spec.js
FN:1,(anonymous_0)
FN:2,(anonymous_1)
FNF:2
FNH:2
FNDA:1,(anonymous_0)
FNDA:1,(anonymous_1)
DA:1,1
DA:2,1
DA:3,1
LF:3
LH:3
BRF:0
BRH:0
end_of_record
TN:
SF:/Users/wpannell/git/bluemix-garage-developer-bootcamp/server/01-fahrenheit-2-celsius/fahrenhei-2-celsius.spec.js
FN:1,(anonymous_0)
FN:2,(anonymous_1)
FN:6,(anonymous_2)
FN:7,fahrenheit2celsius
FN:9,(anonymous_4)
FN:14,(anonymous_5)
FNF:6
FNH:6
FNDA:1,(anonymous_0)
FNDA:1,(anonymous_1)
FNDA:1,(anonymous_2)
FNDA:2,fahrenheit2celsius
FNDA:1,(anonymous_4)
FNDA:1,(anonymous_5)
DA:1,1
DA:2,1
DA:3,1
DA:6,1
DA:7,2
DA:9,1
DA:10,1
DA:11,1
DA:14,1
DA:15,1
DA:16,1
LF:11
LH:11
BRF:0
BRH:0
end_of_record
TN:
SF:/Users/wpannell/git/bluemix-garage-developer-bootcamp/server/02-palindrome/palindrome.spec.js
FN:1,(anonymous_0)
FN:2,(anonymous_1)
FN:6,isPalindrome
FN:13,(anonymous_3)
FN:14,(anonymous_4)
FN:18,(anonymous_5)
FN:22,(anonymous_6)
FN:26,(anonymous_7)
FN:30,(anonymous_8)
FN:34,(anonymous_9)
FN:38,(anonymous_10)
FN:39,(anonymous_11)
FNF:12
FNH:12
FNDA:1,(anonymous_0)
FNDA:1,(anonymous_1)
FNDA:7,isPalindrome
FNDA:1,(anonymous_3)
FNDA:1,(anonymous_4)
FNDA:1,(anonymous_5)
FNDA:1,(anonymous_6)
FNDA:1,(anonymous_7)
FNDA:1,(anonymous_8)
FNDA:1,(anonymous_9)
FNDA:1,(anonymous_10)
FNDA:1,(anonymous_11)
DA:1,1
DA:2,1
DA:3,1
DA:6,1
DA:7,7
DA:9,6
DA:13,1
DA:14,1
DA:15,1
DA:18,1
DA:19,1
DA:22,1
DA:23,1
DA:26,1
DA:27,1
DA:30,1
DA:31,1
DA:34,1
DA:35,1
DA:38,1
DA:39,1
LF:21
LH:21
BRDA:7,0,0,1
BRDA:7,0,1,6
BRDA:9,1,0,6
BRDA:9,1,1,4
BRF:4
BRH:4
end_of_record
TN:
SF:/Users/wpannell/git/bluemix-garage-developer-bootcamp/server/03-line-count-with-callback/line-count.js
FN:3,lineCount
FN:4,callback
FNF:2
FNH:2
FNDA:2,lineCount
FNDA:2,callback
DA:1,1
DA:3,1
DA:4,2
DA:5,2
DA:6,1
DA:9,2
LF:6
LH:6
BRDA:5,0,0,1
BRDA:5,0,1,1
BRF:2
BRH:2
end_of_record
TN:
SF:/Users/wpannell/git/bluemix-garage-developer-bootcamp/server/03-line-count-with-callback/line-count.spec.js
FN:3,(anonymous_0)
FN:4,(anonymous_1)
FN:8,(anonymous_2)
FN:9,(anonymous_3)
FN:10,receiveLineCount
FN:18,(anonymous_5)
FN:19,receiveError
FNF:7
FNH:7
FNDA:1,(anonymous_0)
FNDA:1,(anonymous_1)
FNDA:1,(anonymous_2)
FNDA:1,(anonymous_3)
FNDA:1,receiveLineCount
FNDA:1,(anonymous_5)
FNDA:1,receiveError
DA:1,1
DA:3,1
DA:4,1
DA:5,1
DA:8,1
DA:9,1
DA:10,1
DA:11,1
DA:12,1
DA:15,1
DA:18,1
DA:19,1
DA:20,1
DA:21,1
DA:24,1
LF:15
LH:15
BRF:0
BRH:0
end_of_record
TN:
SF:/Users/wpannell/git/bluemix-garage-developer-bootcamp/server/04-line-count-with-promise/line-count.js
FN:3,lineCount
FN:4,onSuccess
FN:5,onError
FNF:3
FNH:2
FNDA:3,lineCount
FNDA:3,onSuccess
FNDA:0,onError
DA:1,1
DA:3,1
DA:4,3
DA:5,3
DA:8,3
LF:5
LH:5
BRF:0
BRH:0
end_of_record
TN:
SF:/Users/wpannell/git/bluemix-garage-developer-bootcamp/server/04-line-count-with-promise/line-count.spec.js
FN:3,(anonymous_0)
FN:4,(anonymous_1)
FN:8,(anonymous_2)
FN:11,(anonymous_3)
FN:12,receiveCount
FN:20,(anonymous_5)
FN:21,receiveCount
FN:28,(anonymous_7)
FNF:8
FNH:8
FNDA:1,(anonymous_0)
FNDA:1,(anonymous_1)
FNDA:1,(anonymous_2)
FNDA:1,(anonymous_3)
FNDA:1,receiveCount
FNDA:1,(anonymous_5)
FNDA:1,receiveCount
FNDA:1,(anonymous_7)
DA:1,1
DA:3,1
DA:4,1
DA:5,1
DA:8,1
DA:9,1
DA:11,1
DA:12,1
DA:13,1
DA:14,1
DA:17,1
DA:20,1
DA:21,1
DA:22,1
DA:25,1
DA:28,1
DA:29,1
LF:17
LH:17
BRF:0
BRH:0
end_of_record
TN:
SF:/Users/wpannell/git/bluemix-garage-developer-bootcamp/server/05-unusual-spending/api.js
FN:1,api
FNF:1
FNH:1
FNDA:2,api
DA:1,2
LF:1
LH:1
BRF:0
BRH:0
end_of_record
TN:
SF:/Users/wpannell/git/bluemix-garage-developer-bootcamp/server/05-unusual-spending/categorize.js
FN:1,categorize
FNF:1
FNH:0
FNDA:0,categorize
DA:1,1
LF:1
LH:1
BRF:0
BRH:0
end_of_record
TN:
SF:/Users/wpannell/git/bluemix-garage-developer-bootcamp/server/05-unusual-spending/email.js
FN:1,email
FNF:1
FNH:0
FNDA:0,email
DA:1,1
LF:1
LH:1
BRF:0
BRH:0
end_of_record
TN:
SF:/Users/wpannell/git/bluemix-garage-developer-bootcamp/server/05-unusual-spending/fetch.js
FN:4,fetch
FN:11,(anonymous_1)
FNF:2
FNH:2
FNDA:3,fetch
FNDA:3,(anonymous_1)
DA:1,2
DA:2,2
DA:4,2
DA:5,3
DA:6,3
DA:8,3
DA:9,3
DA:11,3
DA:12,3
LF:9
LH:9
BRF:0
BRH:0
end_of_record
TN:
SF:/Users/wpannell/git/bluemix-garage-developer-bootcamp/server/05-unusual-spending/fetch.spec.js
FN:3,(anonymous_1)
FN:4,(anonymous_2)
FN:17,(anonymous_3)
FNF:3
FNH:3
FNDA:1,(anonymous_1)
FNDA:1,(anonymous_2)
FNDA:1,(anonymous_3)
DA:1,1
DA:3,1
DA:4,1
DA:5,1
DA:6,1
DA:8,1
DA:9,1
DA:11,1
DA:13,1
DA:14,1
DA:17,1
DA:18,1
DA:19,1
DA:20,1
DA:21,1
DA:23,1
DA:24,1
DA:26,1
DA:27,1
DA:29,1
DA:31,1
LF:21
LH:21
BRF:0
BRH:0
end_of_record
TN:
SF:/Users/wpannell/git/bluemix-garage-developer-bootcamp/server/05-unusual-spending/months.js
FN:1,current
FN:2,prior
FNF:2
FNH:0
FNDA:0,current
FNDA:0,prior
DA:1,1
DA:2,1
LF:2
LH:2
BRF:0
BRH:0
end_of_record
TN:
SF:/Users/wpannell/git/bluemix-garage-developer-bootcamp/server/05-unusual-spending/unusual-spending.js
FN:5,unusualSpending
FN:6,(anonymous_1)
FNF:2
FNH:2
FNDA:1,unusualSpending
FNDA:1,(anonymous_1)
DA:1,1
DA:2,1
DA:3,1
DA:5,1
DA:6,1
DA:7,1
DA:8,1
LF:7
LH:7
BRF:0
BRH:0
end_of_record
TN:
SF:/Users/wpannell/git/bluemix-garage-developer-bootcamp/server/05-unusual-spending/unusual-spending.spec.js
FN:3,(anonymous_1)
FN:4,(anonymous_2)
FN:18,receiveCategorizedPayments
FNF:3
FNH:3
FNDA:1,(anonymous_1)
FNDA:1,(anonymous_2)
FNDA:1,receiveCategorizedPayments
DA:1,1
DA:3,1
DA:4,1
DA:5,1
DA:6,1
DA:7,1
DA:9,1
DA:11,1
DA:13,1
DA:16,1
DA:18,1
DA:19,1
DA:22,1
LF:13
LH:13
BRF:0
BRH:0
end_of_record
